2024/10/21 11:12:06   [22]   INFO  台灯1 已连接
----------------------------------------------------------------------------------------------------------------------
2024/10/21 11:12:21   [28]   INFO  台灯1 已连接
----------------------------------------------------------------------------------------------------------------------
2024/10/21 11:12:41   [27]   INFO  台灯1 已连接
----------------------------------------------------------------------------------------------------------------------
2024/10/21 11:12:52   [8]   INFO  台灯1 已连接
----------------------------------------------------------------------------------------------------------------------
2024/10/21 11:13:08   [22]   INFO  台灯1 已连接
----------------------------------------------------------------------------------------------------------------------
2024/10/21 11:13:24   [27]   INFO  台灯1 已连接
----------------------------------------------------------------------------------------------------------------------
2024/10/21 11:13:39   [28]   INFO  台灯1 已连接
----------------------------------------------------------------------------------------------------------------------
2024/10/21 11:13:53   [31]   INFO  台灯1 已连接
----------------------------------------------------------------------------------------------------------------------
2024/10/21 11:14:08   [34]   INFO  台灯1 已连接
----------------------------------------------------------------------------------------------------------------------
2024/10/21 11:14:19   [39]   INFO  台灯1 已连接
----------------------------------------------------------------------------------------------------------------------
2024/10/21 11:14:32   [24]   INFO  台灯1 已连接
----------------------------------------------------------------------------------------------------------------------
2024/10/21 11:15:28   [22]   INFO  台灯1 已连接
----------------------------------------------------------------------------------------------------------------------
2024/10/21 11:16:20   [4]   INFO  语音助手已连接
----------------------------------------------------------------------------------------------------------------------
2024/10/21 11:16:25   [14]   INFO  台灯1 已连接
----------------------------------------------------------------------------------------------------------------------
2024/10/21 11:16:39   [29]   INFO  台灯1 已连接
----------------------------------------------------------------------------------------------------------------------
2024/10/21 11:17:16   [10]   INFO  台灯1 已连接
----------------------------------------------------------------------------------------------------------------------
2024/10/21 11:17:32   [19]   INFO  台灯1 已连接
----------------------------------------------------------------------------------------------------------------------
2024/10/21 11:18:47   [12]   INFO  台灯1 已连接
----------------------------------------------------------------------------------------------------------------------
2024/10/21 11:21:44   [4]   INFO  语音助手已连接
----------------------------------------------------------------------------------------------------------------------
2024/10/21 11:21:49   [25]   INFO  台灯1 已连接
----------------------------------------------------------------------------------------------------------------------
2024/10/21 11:22:07   [30]   INFO  台灯1 已连接
----------------------------------------------------------------------------------------------------------------------
2024/10/21 11:22:33   [28]   INFO  台灯1 已连接
----------------------------------------------------------------------------------------------------------------------
2024/10/21 11:22:47   [33]   INFO  台灯1 已连接
----------------------------------------------------------------------------------------------------------------------
2024/10/21 11:23:47   [4]   INFO  语音助手已连接
----------------------------------------------------------------------------------------------------------------------
2024/10/21 11:23:51   [25]   INFO  台灯1 已连接
----------------------------------------------------------------------------------------------------------------------
2024/10/21 11:27:57   [4]   INFO  语音助手已连接
----------------------------------------------------------------------------------------------------------------------
2024/10/21 11:28:01   [25]   INFO  台灯1 已连接
----------------------------------------------------------------------------------------------------------------------
2024/10/21 11:29:38   [4]   INFO  语音助手已连接
----------------------------------------------------------------------------------------------------------------------
2024/10/21 11:29:44   [25]   INFO  台灯1 已连接
----------------------------------------------------------------------------------------------------------------------
2024/10/21 11:33:05   [4]   INFO  语音助手已连接
----------------------------------------------------------------------------------------------------------------------
2024/10/21 11:33:10   [25]   INFO  台灯1 已连接
----------------------------------------------------------------------------------------------------------------------
2024/10/21 11:33:54   [4]   INFO  语音助手已连接
----------------------------------------------------------------------------------------------------------------------
2024/10/21 11:33:59   [25]   INFO  台灯1 已连接
----------------------------------------------------------------------------------------------------------------------
2024/10/21 11:35:41   [4]   INFO  语音助手已连接
----------------------------------------------------------------------------------------------------------------------
2024/10/21 11:35:46   [25]   INFO  台灯1 已连接
----------------------------------------------------------------------------------------------------------------------
2024/10/21 11:36:01   [30]   INFO  台灯1 已关闭
----------------------------------------------------------------------------------------------------------------------
2024/10/21 11:36:17   [32]   INFO  台灯1 已打开
----------------------------------------------------------------------------------------------------------------------
2024/10/21 12:10:30   [4]   INFO  语音助手已连接
----------------------------------------------------------------------------------------------------------------------
2024/10/21 12:10:37   [16]   INFO  风扇 1 已连接
----------------------------------------------------------------------------------------------------------------------
2024/10/21 22:54:55   [4]   INFO  语音助手已连接
----------------------------------------------------------------------------------------------------------------------
2024/10/21 22:55:39   [24]   INFO  台灯1 已连接
----------------------------------------------------------------------------------------------------------------------
2024/10/21 22:56:31   [9]   INFO  台灯1 已关闭
----------------------------------------------------------------------------------------------------------------------
2024/10/21 23:32:31   [4]   INFO  语音助手已连接
----------------------------------------------------------------------------------------------------------------------
2024/10/21 23:37:23   [4]   INFO  语音助手已连接
----------------------------------------------------------------------------------------------------------------------
2024/10/21 23:37:30   [27]   INFO  壁画 1 已连接
----------------------------------------------------------------------------------------------------------------------
2024/10/21 23:41:44   [4]   INFO  语音助手已连接
----------------------------------------------------------------------------------------------------------------------
2024/10/21 23:41:52   [10]   INFO  壁画 1 已连接
----------------------------------------------------------------------------------------------------------------------
2024/10/21 23:41:58   [3]   INFO  Assistant send 0
----------------------------------------------------------------------------------------------------------------------
2024/10/21 23:42:00   [3]   INFO  壁画1 已开启
----------------------------------------------------------------------------------------------------------------------
2024/10/21 23:42:00   [3]   INFO  Assistant send 7
----------------------------------------------------------------------------------------------------------------------
2024/10/21 23:42:07   [9]   INFO  Assistant send 0
----------------------------------------------------------------------------------------------------------------------
2024/10/21 23:42:12   [3]   INFO  壁画1 已关闭
----------------------------------------------------------------------------------------------------------------------
2024/10/21 23:42:12   [3]   INFO  Assistant send 8
----------------------------------------------------------------------------------------------------------------------
