2026/6/22 21:52:49   [4]   INFO  尝试连接COM9...
----------------------------------------------------------------------------------------------------------------------
2026/6/22 21:52:49   [4]   INFO  COM9连接成功，找到jyker机械臂
----------------------------------------------------------------------------------------------------------------------
2026/6/22 21:52:49   [1]   INFO  获取角度1__0.0164794921875
----------------------------------------------------------------------------------------------------------------------
2026/6/22 21:52:52   [1]   INFO  电机2角度获取失败
----------------------------------------------------------------------------------------------------------------------
2026/6/22 21:52:53   [1]   INFO  获取角度3__-0.0274658203125
----------------------------------------------------------------------------------------------------------------------
2026/6/22 21:52:55   [1]   INFO  电机4角度获取失败
----------------------------------------------------------------------------------------------------------------------
2026/6/22 21:52:55   [1]   INFO  获取角度5__-0.0604248046875
----------------------------------------------------------------------------------------------------------------------
2026/6/22 21:52:56   [1]   INFO  获取角度6__0.0384521484375
----------------------------------------------------------------------------------------------------------------------
2026/6/22 21:52:56   [4]   INFO  COM9连接成功，找到jyker夹爪
----------------------------------------------------------------------------------------------------------------------
2026/6/22 21:53:06   [1]   INFO  获取角度1__0.0164794921875
----------------------------------------------------------------------------------------------------------------------
2026/6/22 21:53:07   [1]   INFO  电机2角度获取失败
----------------------------------------------------------------------------------------------------------------------
2026/6/22 21:53:07   [1]   INFO  获取角度3__-0.0274658203125
----------------------------------------------------------------------------------------------------------------------
2026/6/22 21:53:09   [1]   INFO  电机4角度获取失败
----------------------------------------------------------------------------------------------------------------------
2026/6/22 21:53:09   [1]   INFO  获取角度5__-0.0274658203125
----------------------------------------------------------------------------------------------------------------------
2026/6/22 21:53:10   [1]   INFO  获取角度6__0.0164794921875
----------------------------------------------------------------------------------------------------------------------
2026/6/22 21:53:57   [7]   INFO  轴1速度为0
----------------------------------------------------------------------------------------------------------------------
2026/6/22 21:53:58   [7]   INFO  轴2速度为100
----------------------------------------------------------------------------------------------------------------------
2026/6/22 21:53:59   [7]   INFO  轴3速度为0
----------------------------------------------------------------------------------------------------------------------
2026/6/22 21:53:59   [7]   INFO  轴4速度为0
----------------------------------------------------------------------------------------------------------------------
2026/6/22 21:54:01   [7]   INFO  轴5速度为0
----------------------------------------------------------------------------------------------------------------------
2026/6/22 21:54:02   [7]   INFO  轴6速度为0
----------------------------------------------------------------------------------------------------------------------
2026/6/22 21:54:07   [1]   INFO  获取角度1__0.0274658203125
----------------------------------------------------------------------------------------------------------------------
2026/6/22 21:54:08   [1]   INFO  电机2角度获取失败
----------------------------------------------------------------------------------------------------------------------
2026/6/22 21:54:08   [1]   INFO  获取角度3__-0.0384521484375
----------------------------------------------------------------------------------------------------------------------
2026/6/22 21:54:10   [1]   INFO  电机4角度获取失败
----------------------------------------------------------------------------------------------------------------------
2026/6/22 21:54:10   [1]   INFO  获取角度5__-0.0384521484375
----------------------------------------------------------------------------------------------------------------------
2026/6/22 21:54:11   [1]   INFO  获取角度6__0.0384521484375
----------------------------------------------------------------------------------------------------------------------
2026/6/22 21:55:17   [1]   INFO  获取角度1__0.0274658203125
----------------------------------------------------------------------------------------------------------------------
2026/6/22 21:55:18   [1]   INFO  电机2角度获取失败
----------------------------------------------------------------------------------------------------------------------
2026/6/22 21:55:18   [1]   INFO  获取角度3__-0.0384521484375
----------------------------------------------------------------------------------------------------------------------
2026/6/22 21:55:20   [1]   INFO  电机4角度获取失败
----------------------------------------------------------------------------------------------------------------------
2026/6/22 21:55:20   [1]   INFO  获取角度5__-0.0384521484375
----------------------------------------------------------------------------------------------------------------------
2026/6/22 21:55:21   [1]   INFO  获取角度6__0.0384521484375
----------------------------------------------------------------------------------------------------------------------
2026/6/22 21:55:28   [1]   INFO  获取角度1__0.0274658203125
----------------------------------------------------------------------------------------------------------------------
2026/6/22 21:55:29   [1]   INFO  电机2角度获取失败
----------------------------------------------------------------------------------------------------------------------
2026/6/22 21:55:29   [1]   INFO  获取角度3__-0.0384521484375
----------------------------------------------------------------------------------------------------------------------
2026/6/22 21:55:31   [1]   INFO  电机4角度获取失败
----------------------------------------------------------------------------------------------------------------------
2026/6/22 21:55:32   [1]   INFO  获取角度5__-0.0384521484375
----------------------------------------------------------------------------------------------------------------------
2026/6/22 21:55:33   [1]   INFO  获取角度6__0.0384521484375
----------------------------------------------------------------------------------------------------------------------
2026/6/22 21:55:47   [3]   INFO  轴1速度为0
----------------------------------------------------------------------------------------------------------------------
2026/6/22 21:55:47   [3]   INFO  轴2速度为0
----------------------------------------------------------------------------------------------------------------------
2026/6/22 21:55:48   [3]   INFO  轴3速度为0
----------------------------------------------------------------------------------------------------------------------
2026/6/22 21:55:48   [3]   INFO  轴4速度为0
----------------------------------------------------------------------------------------------------------------------
2026/6/22 21:55:50   [3]   INFO  轴5速度为0
----------------------------------------------------------------------------------------------------------------------
2026/6/22 21:55:50   [3]   INFO  轴6速度为100
----------------------------------------------------------------------------------------------------------------------
2026/6/22 22:02:27   [4]   INFO  尝试连接COM9...
----------------------------------------------------------------------------------------------------------------------
2026/6/22 22:02:27   [4]   INFO  COM9连接成功，找到jyker机械臂
----------------------------------------------------------------------------------------------------------------------
2026/6/22 22:02:27   [1]   INFO  获取角度1__0.0823974609375
----------------------------------------------------------------------------------------------------------------------
2026/6/22 22:02:29   [1]   INFO  电机2角度获取失败
----------------------------------------------------------------------------------------------------------------------
2026/6/22 22:02:29   [1]   INFO  获取角度3__-0.0384521484375
----------------------------------------------------------------------------------------------------------------------
2026/6/22 22:02:31   [1]   INFO  电机4角度获取失败
----------------------------------------------------------------------------------------------------------------------
2026/6/22 22:02:31   [1]   INFO  获取角度5__-0.0384521484375
----------------------------------------------------------------------------------------------------------------------
2026/6/22 22:02:32   [1]   INFO  获取角度6__0.0384521484375
----------------------------------------------------------------------------------------------------------------------
2026/6/22 22:02:33   [4]   INFO  COM9连接成功，找到jyker夹爪
----------------------------------------------------------------------------------------------------------------------
2026/6/22 22:05:45   [1]   INFO  获取角度1__0.0714111328125
----------------------------------------------------------------------------------------------------------------------
2026/6/22 22:05:46   [1]   INFO  电机2角度获取失败
----------------------------------------------------------------------------------------------------------------------
2026/6/22 22:05:46   [1]   INFO  获取角度3__-0.0384521484375
----------------------------------------------------------------------------------------------------------------------
2026/6/22 22:05:48   [1]   INFO  电机4角度获取失败
----------------------------------------------------------------------------------------------------------------------
2026/6/22 22:05:48   [1]   INFO  获取角度5__-0.0384521484375
----------------------------------------------------------------------------------------------------------------------
2026/6/22 22:05:49   [1]   INFO  获取角度6__0.0384521484375
----------------------------------------------------------------------------------------------------------------------
2026/6/22 22:13:15   [1]   INFO  获取角度1__0
----------------------------------------------------------------------------------------------------------------------
2026/6/22 22:13:16   [1]   INFO  电机2角度获取失败
----------------------------------------------------------------------------------------------------------------------
2026/6/22 22:13:16   [1]   INFO  获取角度3__0
----------------------------------------------------------------------------------------------------------------------
2026/6/22 22:13:19   [1]   INFO  电机4角度获取失败
----------------------------------------------------------------------------------------------------------------------
2026/6/22 22:13:20   [1]   INFO  获取角度5__0
----------------------------------------------------------------------------------------------------------------------
2026/6/22 22:13:21   [1]   INFO  获取角度6__0.0164794921875
----------------------------------------------------------------------------------------------------------------------
2026/6/22 22:13:29   [1]   INFO  获取角度1__0.0164794921875
----------------------------------------------------------------------------------------------------------------------
2026/6/22 22:13:30   [1]   INFO  电机2角度获取失败
----------------------------------------------------------------------------------------------------------------------
2026/6/22 22:13:30   [1]   INFO  获取角度3__-0.0164794921875
----------------------------------------------------------------------------------------------------------------------
2026/6/22 22:13:32   [1]   INFO  电机4角度获取失败
----------------------------------------------------------------------------------------------------------------------
2026/6/22 22:13:33   [1]   INFO  获取角度5__0
----------------------------------------------------------------------------------------------------------------------
2026/6/22 22:13:34   [1]   INFO  获取角度6__0.0164794921875
----------------------------------------------------------------------------------------------------------------------
2026/6/22 22:27:48   [4]   INFO  尝试连接COM9...
----------------------------------------------------------------------------------------------------------------------
2026/6/22 22:27:48   [4]   INFO  COM9连接成功，找到jyker机械臂
----------------------------------------------------------------------------------------------------------------------
2026/6/22 22:27:48   [1]   INFO  获取角度1__0.0054931640625
----------------------------------------------------------------------------------------------------------------------
2026/6/22 22:27:53   [1]   INFO  电机2角度获取失败，回包: 
----------------------------------------------------------------------------------------------------------------------
2026/6/22 22:27:53   [1]   INFO  电机2角度获取失败
----------------------------------------------------------------------------------------------------------------------
2026/6/22 22:27:53   [1]   INFO  获取角度3__-0.0054931640625
----------------------------------------------------------------------------------------------------------------------
2026/6/22 22:27:58   [1]   INFO  电机4角度获取失败，回包: 
----------------------------------------------------------------------------------------------------------------------
2026/6/22 22:27:58   [1]   INFO  电机4角度获取失败
----------------------------------------------------------------------------------------------------------------------
2026/6/22 22:27:58   [1]   INFO  获取角度5__-0.0274658203125
----------------------------------------------------------------------------------------------------------------------
2026/6/22 22:28:00   [1]   INFO  获取角度6__0.0054931640625
----------------------------------------------------------------------------------------------------------------------
2026/6/22 22:28:00   [4]   INFO  COM9连接成功，找到jyker夹爪
----------------------------------------------------------------------------------------------------------------------
2026/6/22 22:28:18   [1]   INFO  获取角度1__0.0054931640625
----------------------------------------------------------------------------------------------------------------------
2026/6/22 22:28:23   [1]   INFO  电机2角度获取失败，回包: 
----------------------------------------------------------------------------------------------------------------------
2026/6/22 22:28:23   [1]   INFO  电机2角度获取失败
----------------------------------------------------------------------------------------------------------------------
2026/6/22 22:28:23   [1]   INFO  获取角度3__-0.0054931640625
----------------------------------------------------------------------------------------------------------------------
2026/6/22 22:28:28   [1]   INFO  电机4角度获取失败，回包: 
----------------------------------------------------------------------------------------------------------------------
2026/6/22 22:28:28   [1]   INFO  电机4角度获取失败
----------------------------------------------------------------------------------------------------------------------
2026/6/22 22:28:28   [1]   INFO  获取角度5__-0.0274658203125
----------------------------------------------------------------------------------------------------------------------
2026/6/22 22:28:30   [1]   INFO  获取角度6__0.0164794921875
----------------------------------------------------------------------------------------------------------------------
2026/6/22 22:48:03   [4]   INFO  尝试连接COM9...
----------------------------------------------------------------------------------------------------------------------
2026/6/22 22:48:03   [4]   INFO  串口COM9连接失败
----------------------------------------------------------------------------------------------------------------------
2026/6/22 22:48:08   [4]   INFO  尝试连接COM9...
----------------------------------------------------------------------------------------------------------------------
2026/6/22 22:48:08   [4]   INFO  COM9连接成功，找到jyker机械臂
----------------------------------------------------------------------------------------------------------------------
2026/6/22 22:48:08   [1]   INFO  获取角度1__0.0164794921875
----------------------------------------------------------------------------------------------------------------------
2026/6/22 22:48:15   [1]   INFO  电机2角度获取失败，回包: 
----------------------------------------------------------------------------------------------------------------------
2026/6/22 22:48:15   [1]   INFO  电机2角度获取失败
----------------------------------------------------------------------------------------------------------------------
2026/6/22 22:48:15   [1]   INFO  获取角度3__-0.0054931640625
----------------------------------------------------------------------------------------------------------------------
2026/6/22 22:48:20   [1]   INFO  电机4角度获取失败，回包: 
----------------------------------------------------------------------------------------------------------------------
2026/6/22 22:48:20   [1]   INFO  电机4角度获取失败
----------------------------------------------------------------------------------------------------------------------
2026/6/22 22:48:20   [1]   INFO  获取角度5__-0.0164794921875
----------------------------------------------------------------------------------------------------------------------
2026/6/22 22:48:21   [1]   INFO  获取角度6__0.0054931640625
----------------------------------------------------------------------------------------------------------------------
2026/6/22 22:48:21   [4]   INFO  COM9连接成功，找到jyker夹爪
----------------------------------------------------------------------------------------------------------------------
2026/6/22 22:49:36   [1]   INFO  获取角度1__0
----------------------------------------------------------------------------------------------------------------------
2026/6/22 22:49:42   [1]   INFO  电机2角度获取失败，回包: 
----------------------------------------------------------------------------------------------------------------------
2026/6/22 22:49:42   [1]   INFO  电机2角度获取失败
----------------------------------------------------------------------------------------------------------------------
2026/6/22 22:49:43   [1]   INFO  获取角度3__0
----------------------------------------------------------------------------------------------------------------------
2026/6/22 22:49:48   [1]   INFO  电机4角度获取失败，回包: 
----------------------------------------------------------------------------------------------------------------------
2026/6/22 22:49:48   [1]   INFO  电机4角度获取失败
----------------------------------------------------------------------------------------------------------------------
2026/6/22 22:49:49   [1]   INFO  获取角度5__0
----------------------------------------------------------------------------------------------------------------------
2026/6/22 22:49:50   [1]   INFO  获取角度6__0.0274658203125
----------------------------------------------------------------------------------------------------------------------
2026/6/22 22:49:53   [1]   INFO  获取角度1__0.0164794921875
----------------------------------------------------------------------------------------------------------------------
2026/6/22 22:49:59   [1]   INFO  电机2角度获取失败，回包: 
----------------------------------------------------------------------------------------------------------------------
2026/6/22 22:49:59   [1]   INFO  电机2角度获取失败
----------------------------------------------------------------------------------------------------------------------
2026/6/22 22:49:59   [1]   INFO  获取角度3__-0.0164794921875
----------------------------------------------------------------------------------------------------------------------
2026/6/22 22:50:06   [1]   INFO  电机4角度获取失败，回包: 
----------------------------------------------------------------------------------------------------------------------
2026/6/22 22:50:06   [1]   INFO  电机4角度获取失败
----------------------------------------------------------------------------------------------------------------------
2026/6/22 22:50:06   [1]   INFO  获取角度5__-0.0164794921875
----------------------------------------------------------------------------------------------------------------------
2026/6/22 22:50:07   [1]   INFO  获取角度6__0.0604248046875
----------------------------------------------------------------------------------------------------------------------
2026/6/22 22:52:26   [25]   INFO  尝试连接COM9...
----------------------------------------------------------------------------------------------------------------------
2026/6/22 22:52:26   [25]   INFO  COM9连接成功，找到jyker机械臂
----------------------------------------------------------------------------------------------------------------------
2026/6/22 22:52:26   [1]   INFO  获取角度1__0
----------------------------------------------------------------------------------------------------------------------
2026/6/22 22:52:30   [1]   INFO  电机2角度获取失败，回包: 
----------------------------------------------------------------------------------------------------------------------
2026/6/22 22:52:30   [1]   INFO  电机2角度获取失败
----------------------------------------------------------------------------------------------------------------------
2026/6/22 22:52:32   [1]   INFO  获取角度3__0
----------------------------------------------------------------------------------------------------------------------
2026/6/22 22:52:36   [1]   INFO  电机4角度获取失败，回包: 
----------------------------------------------------------------------------------------------------------------------
2026/6/22 22:52:36   [1]   INFO  电机4角度获取失败
----------------------------------------------------------------------------------------------------------------------
2026/6/22 22:52:36   [1]   INFO  获取角度5__0
----------------------------------------------------------------------------------------------------------------------
2026/6/22 22:52:37   [1]   INFO  获取角度6__0.0164794921875
----------------------------------------------------------------------------------------------------------------------
2026/6/22 22:52:37   [25]   INFO  COM9连接成功，找到jyker夹爪
----------------------------------------------------------------------------------------------------------------------
2026/6/22 23:44:52   [4]   INFO  尝试连接COM9...
----------------------------------------------------------------------------------------------------------------------
2026/6/22 23:44:52   [4]   INFO  串口COM9连接失败
----------------------------------------------------------------------------------------------------------------------
2026/6/22 23:44:54   [4]   INFO  尝试连接COM9...
----------------------------------------------------------------------------------------------------------------------
2026/6/22 23:44:54   [4]   INFO  串口COM9连接失败
----------------------------------------------------------------------------------------------------------------------
2026/6/22 23:45:05   [4]   INFO  尝试连接COM9...
----------------------------------------------------------------------------------------------------------------------
2026/6/22 23:45:05   [4]   INFO  串口COM9连接失败
----------------------------------------------------------------------------------------------------------------------
2026/6/22 23:45:09   [3]   INFO  尝试连接COM9...
----------------------------------------------------------------------------------------------------------------------
2026/6/22 23:45:09   [3]   INFO  串口COM9连接失败
----------------------------------------------------------------------------------------------------------------------
